<?xml version="1.0" encoding="UTF-8"?>
<testsuite xmlns:xsi="http://www.w3.org/2001/XMLSchema-instance" xsi:noNamespaceSchemaLocation="https://maven.apache.org/surefire/maven-surefire-plugin/xsd/surefire-test-report.xsd" name="cvg.api.ApiApplicationTests" time="2.747" tests="1" errors="0" skipped="0" failures="0">
  <properties>
    <property name="java.specification.version" value="17"/>
    <property name="sun.cpu.isalist" value="amd64"/>
    <property name="sun.jnu.encoding" value="Cp1252"/>
    <property name="java.class.path" value="D:\Usr\Geraldo\GoogleDrive (est)\EAD\Sem03\B\N695 - Desenv plataformas web\Atividade 02\api\target\test-classes;D:\Usr\Geraldo\GoogleDrive (est)\EAD\Sem03\B\N695 - Desenv plataformas web\Atividade 02\api\target\classes;C:\Users\geral\.m2\repository\org\springframework\boot\spring-boot-starter-web\3.0.0-RC2\spring-boot-starter-web-3.0.0-RC2.jar;C:\Users\geral\.m2\repository\org\springframework\boot\spring-boot-starter\3.0.0-RC2\spring-boot-starter-3.0.0-RC2.jar;C:\Users\geral\.m2\repository\org\springframework\boot\spring-boot-starter-logging\3.0.0-RC2\spring-boot-starter-logging-3.0.0-RC2.jar;C:\Users\geral\.m2\repository\ch\qos\logback\logback-classic\1.4.4\logback-classic-1.4.4.jar;C:\Users\geral\.m2\repository\ch\qos\logback\logback-core\1.4.4\logback-core-1.4.4.jar;C:\Users\geral\.m2\repository\org\apache\logging\log4j\log4j-to-slf4j\2.19.0\log4j-to-slf4j-2.19.0.jar;C:\Users\geral\.m2\repository\org\apache\logging\log4j\log4j-api\2.19.0\log4j-api-2.19.0.jar;C:\Users\geral\.m2\repository\org\slf4j\jul-to-slf4j\2.0.3\jul-to-slf4j-2.0.3.jar;C:\Users\geral\.m2\repository\jakarta\annotation\jakarta.annotation-api\2.1.1\jakarta.annotation-api-2.1.1.jar;C:\Users\geral\.m2\repository\org\yaml\snakeyaml\1.33\snakeyaml-1.33.jar;C:\Users\geral\.m2\repository\org\springframework\boot\spring-boot-starter-json\3.0.0-RC2\spring-boot-starter-json-3.0.0-RC2.jar;C:\Users\geral\.m2\repository\com\fasterxml\jackson\core\jackson-databind\2.14.0-rc3\jackson-databind-2.14.0-rc3.jar;C:\Users\geral\.m2\repository\com\fasterxml\jackson\core\jackson-annotations\2.14.0-rc3\jackson-annotations-2.14.0-rc3.jar;C:\Users\geral\.m2\repository\com\fasterxml\jackson\core\jackson-core\2.14.0-rc3\jackson-core-2.14.0-rc3.jar;C:\Users\geral\.m2\repository\com\fasterxml\jackson\datatype\jackson-datatype-jdk8\2.14.0-rc3\jackson-datatype-jdk8-2.14.0-rc3.jar;C:\Users\geral\.m2\repository\com\fasterxml\jackson\datatype\jackson-datatype-jsr310\2.14.0-rc3\jackson-datatype-jsr310-2.14.0-rc3.jar;C:\Users\geral\.m2\repository\com\fasterxml\jackson\module\jackson-module-parameter-names\2.14.0-rc3\jackson-module-parameter-names-2.14.0-rc3.jar;C:\Users\geral\.m2\repository\org\springframework\boot\spring-boot-starter-tomcat\3.0.0-RC2\spring-boot-starter-tomcat-3.0.0-RC2.jar;C:\Users\geral\.m2\repository\org\apache\tomcat\embed\tomcat-embed-core\10.1.1\tomcat-embed-core-10.1.1.jar;C:\Users\geral\.m2\repository\org\apache\tomcat\embed\tomcat-embed-websocket\10.1.1\tomcat-embed-websocket-10.1.1.jar;C:\Users\geral\.m2\repository\org\springframework\spring-web\6.0.0-RC4\spring-web-6.0.0-RC4.jar;C:\Users\geral\.m2\repository\org\springframework\spring-beans\6.0.0-RC4\spring-beans-6.0.0-RC4.jar;C:\Users\geral\.m2\repository\io\micrometer\micrometer-observation\1.10.0\micrometer-observation-1.10.0.jar;C:\Users\geral\.m2\repository\io\micrometer\micrometer-commons\1.10.0\micrometer-commons-1.10.0.jar;C:\Users\geral\.m2\repository\org\springframework\spring-webmvc\6.0.0-RC4\spring-webmvc-6.0.0-RC4.jar;C:\Users\geral\.m2\repository\org\springframework\spring-aop\6.0.0-RC4\spring-aop-6.0.0-RC4.jar;C:\Users\geral\.m2\repository\org\springframework\spring-context\6.0.0-RC4\spring-context-6.0.0-RC4.jar;C:\Users\geral\.m2\repository\org\springframework\spring-expression\6.0.0-RC4\spring-expression-6.0.0-RC4.jar;C:\Users\geral\.m2\repository\org\springframework\boot\spring-boot-devtools\3.0.0-RC2\spring-boot-devtools-3.0.0-RC2.jar;C:\Users\geral\.m2\repository\org\springframework\boot\spring-boot\3.0.0-RC2\spring-boot-3.0.0-RC2.jar;C:\Users\geral\.m2\repository\org\springframework\boot\spring-boot-autoconfigure\3.0.0-RC2\spring-boot-autoconfigure-3.0.0-RC2.jar;C:\Users\geral\.m2\repository\org\projectlombok\lombok\1.18.24\lombok-1.18.24.jar;C:\Users\geral\.m2\repository\org\springframework\boot\spring-boot-starter-validation\3.0.0-RC2\spring-boot-starter-validation-3.0.0-RC2.jar;C:\Users\geral\.m2\repository\org\apache\tomcat\embed\tomcat-embed-el\10.1.1\tomcat-embed-el-10.1.1.jar;C:\Users\geral\.m2\repository\org\hibernate\validator\hibernate-validator\8.0.0.Final\hibernate-validator-8.0.0.Final.jar;C:\Users\geral\.m2\repository\jakarta\validation\jakarta.validation-api\3.0.2\jakarta.validation-api-3.0.2.jar;C:\Users\geral\.m2\repository\org\jboss\logging\jboss-logging\3.5.0.Final\jboss-logging-3.5.0.Final.jar;C:\Users\geral\.m2\repository\com\fasterxml\classmate\1.5.1\classmate-1.5.1.jar;C:\Users\geral\.m2\repository\org\flywaydb\flyway-core\9.5.1\flyway-core-9.5.1.jar;C:\Users\geral\.m2\repository\com\electronwill\night-config\toml\3.6.6\toml-3.6.6.jar;C:\Users\geral\.m2\repository\com\electronwill\night-config\core\3.6.6\core-3.6.6.jar;C:\Users\geral\.m2\repository\org\flywaydb\flyway-mysql\9.5.1\flyway-mysql-9.5.1.jar;C:\Users\geral\.m2\repository\org\springframework\boot\spring-boot-starter-data-mongodb\3.0.0-RC2\spring-boot-starter-data-mongodb-3.0.0-RC2.jar;C:\Users\geral\.m2\repository\org\mongodb\mongodb-driver-sync\4.8.0-beta0\mongodb-driver-sync-4.8.0-beta0.jar;C:\Users\geral\.m2\repository\org\mongodb\bson\4.8.0-beta0\bson-4.8.0-beta0.jar;C:\Users\geral\.m2\repository\org\mongodb\mongodb-driver-core\4.8.0-beta0\mongodb-driver-core-4.8.0-beta0.jar;C:\Users\geral\.m2\repository\org\mongodb\bson-record-codec\4.8.0-beta0\bson-record-codec-4.8.0-beta0.jar;C:\Users\geral\.m2\repository\org\springframework\data\spring-data-mongodb\4.0.0-RC2\spring-data-mongodb-4.0.0-RC2.jar;C:\Users\geral\.m2\repository\org\springframework\spring-tx\6.0.0-RC4\spring-tx-6.0.0-RC4.jar;C:\Users\geral\.m2\repository\org\springframework\data\spring-data-commons\3.0.0-RC2\spring-data-commons-3.0.0-RC2.jar;C:\Users\geral\.m2\repository\org\slf4j\slf4j-api\2.0.3\slf4j-api-2.0.3.jar;C:\Users\geral\.m2\repository\org\mongodb\mongo-java-driver\3.12.11\mongo-java-driver-3.12.11.jar;C:\Users\geral\.m2\repository\org\springframework\boot\spring-boot-starter-test\3.0.0-RC2\spring-boot-starter-test-3.0.0-RC2.jar;C:\Users\geral\.m2\repository\org\springframework\boot\spring-boot-test\3.0.0-RC2\spring-boot-test-3.0.0-RC2.jar;C:\Users\geral\.m2\repository\org\springframework\boot\spring-boot-test-autoconfigure\3.0.0-RC2\spring-boot-test-autoconfigure-3.0.0-RC2.jar;C:\Users\geral\.m2\repository\com\jayway\jsonpath\json-path\2.7.0\json-path-2.7.0.jar;C:\Users\geral\.m2\repository\net\minidev\json-smart\2.4.8\json-smart-2.4.8.jar;C:\Users\geral\.m2\repository\net\minidev\accessors-smart\2.4.8\accessors-smart-2.4.8.jar;C:\Users\geral\.m2\repository\org\ow2\asm\asm\9.1\asm-9.1.jar;C:\Users\geral\.m2\repository\jakarta\xml\bind\jakarta.xml.bind-api\4.0.0\jakarta.xml.bind-api-4.0.0.jar;C:\Users\geral\.m2\repository\jakarta\activation\jakarta.activation-api\2.1.0\jakarta.activation-api-2.1.0.jar;C:\Users\geral\.m2\repository\org\assertj\assertj-core\3.23.1\assertj-core-3.23.1.jar;C:\Users\geral\.m2\repository\net\bytebuddy\byte-buddy\1.12.18\byte-buddy-1.12.18.jar;C:\Users\geral\.m2\repository\org\hamcrest\hamcrest\2.2\hamcrest-2.2.jar;C:\Users\geral\.m2\repository\org\junit\jupiter\junit-jupiter\5.9.1\junit-jupiter-5.9.1.jar;C:\Users\geral\.m2\repository\org\junit\jupiter\junit-jupiter-api\5.9.1\junit-jupiter-api-5.9.1.jar;C:\Users\geral\.m2\repository\org\opentest4j\opentest4j\1.2.0\opentest4j-1.2.0.jar;C:\Users\geral\.m2\repository\org\junit\platform\junit-platform-commons\1.9.1\junit-platform-commons-1.9.1.jar;C:\Users\geral\.m2\repository\org\apiguardian\apiguardian-api\1.1.2\apiguardian-api-1.1.2.jar;C:\Users\geral\.m2\repository\org\junit\jupiter\junit-jupiter-params\5.9.1\junit-jupiter-params-5.9.1.jar;C:\Users\geral\.m2\repository\org\junit\jupiter\junit-jupiter-engine\5.9.1\junit-jupiter-engine-5.9.1.jar;C:\Users\geral\.m2\repository\org\junit\platform\junit-platform-engine\1.9.1\junit-platform-engine-1.9.1.jar;C:\Users\geral\.m2\repository\org\mockito\mockito-core\4.8.1\mockito-core-4.8.1.jar;C:\Users\geral\.m2\repository\net\bytebuddy\byte-buddy-agent\1.12.18\byte-buddy-agent-1.12.18.jar;C:\Users\geral\.m2\repository\org\objenesis\objenesis\3.2\objenesis-3.2.jar;C:\Users\geral\.m2\repository\org\mockito\mockito-junit-jupiter\4.8.1\mockito-junit-jupiter-4.8.1.jar;C:\Users\geral\.m2\repository\org\skyscreamer\jsonassert\1.5.1\jsonassert-1.5.1.jar;C:\Users\geral\.m2\repository\com\vaadin\external\google\android-json\0.0.20131108.vaadin1\android-json-0.0.20131108.vaadin1.jar;C:\Users\geral\.m2\repository\org\springframework\spring-core\6.0.0-RC4\spring-core-6.0.0-RC4.jar;C:\Users\geral\.m2\repository\org\springframework\spring-jcl\6.0.0-RC4\spring-jcl-6.0.0-RC4.jar;C:\Users\geral\.m2\repository\org\springframework\spring-test\6.0.0-RC4\spring-test-6.0.0-RC4.jar;C:\Users\geral\.m2\repository\org\xmlunit\xmlunit-core\2.9.0\xmlunit-core-2.9.0.jar;"/>
    <property name="java.vm.vendor" value="Oracle Corporation"/>
    <property name="sun.arch.data.model" value="64"/>
    <property name="user.variant" value=""/>
    <property name="java.vendor.url" value="https://java.oracle.com/"/>
    <property name="user.timezone" value="America/Sao_Paulo"/>
    <property name="os.name" value="Windows 11"/>
    <property name="java.vm.specification.version" value="17"/>
    <property name="sun.java.launcher" value="SUN_STANDARD"/>
    <property name="user.country" value="BR"/>
    <property name="sun.boot.library.path" value="C:\Program Files\Java\jdk-17.0.4\bin"/>
    <property name="sun.java.command" value="C:\Users\geral\AppData\Local\Temp\surefire18122905188180977855\surefirebooter10429503770175301777.jar C:\Users\geral\AppData\Local\Temp\surefire18122905188180977855 2022-11-30T20-16-06_195-jvmRun1 surefire17041300702846557786tmp surefire_011852540710939631840tmp"/>
    <property name="jdk.debug" value="release"/>
    <property name="surefire.test.class.path" value="D:\Usr\Geraldo\GoogleDrive (est)\EAD\Sem03\B\N695 - Desenv plataformas web\Atividade 02\api\target\test-classes;D:\Usr\Geraldo\GoogleDrive (est)\EAD\Sem03\B\N695 - Desenv plataformas web\Atividade 02\api\target\classes;C:\Users\geral\.m2\repository\org\springframework\boot\spring-boot-starter-web\3.0.0-RC2\spring-boot-starter-web-3.0.0-RC2.jar;C:\Users\geral\.m2\repository\org\springframework\boot\spring-boot-starter\3.0.0-RC2\spring-boot-starter-3.0.0-RC2.jar;C:\Users\geral\.m2\repository\org\springframework\boot\spring-boot-starter-logging\3.0.0-RC2\spring-boot-starter-logging-3.0.0-RC2.jar;C:\Users\geral\.m2\repository\ch\qos\logback\logback-classic\1.4.4\logback-classic-1.4.4.jar;C:\Users\geral\.m2\repository\ch\qos\logback\logback-core\1.4.4\logback-core-1.4.4.jar;C:\Users\geral\.m2\repository\org\apache\logging\log4j\log4j-to-slf4j\2.19.0\log4j-to-slf4j-2.19.0.jar;C:\Users\geral\.m2\repository\org\apache\logging\log4j\log4j-api\2.19.0\log4j-api-2.19.0.jar;C:\Users\geral\.m2\repository\org\slf4j\jul-to-slf4j\2.0.3\jul-to-slf4j-2.0.3.jar;C:\Users\geral\.m2\repository\jakarta\annotation\jakarta.annotation-api\2.1.1\jakarta.annotation-api-2.1.1.jar;C:\Users\geral\.m2\repository\org\yaml\snakeyaml\1.33\snakeyaml-1.33.jar;C:\Users\geral\.m2\repository\org\springframework\boot\spring-boot-starter-json\3.0.0-RC2\spring-boot-starter-json-3.0.0-RC2.jar;C:\Users\geral\.m2\repository\com\fasterxml\jackson\core\jackson-databind\2.14.0-rc3\jackson-databind-2.14.0-rc3.jar;C:\Users\geral\.m2\repository\com\fasterxml\jackson\core\jackson-annotations\2.14.0-rc3\jackson-annotations-2.14.0-rc3.jar;C:\Users\geral\.m2\repository\com\fasterxml\jackson\core\jackson-core\2.14.0-rc3\jackson-core-2.14.0-rc3.jar;C:\Users\geral\.m2\repository\com\fasterxml\jackson\datatype\jackson-datatype-jdk8\2.14.0-rc3\jackson-datatype-jdk8-2.14.0-rc3.jar;C:\Users\geral\.m2\repository\com\fasterxml\jackson\datatype\jackson-datatype-jsr310\2.14.0-rc3\jackson-datatype-jsr310-2.14.0-rc3.jar;C:\Users\geral\.m2\repository\com\fasterxml\jackson\module\jackson-module-parameter-names\2.14.0-rc3\jackson-module-parameter-names-2.14.0-rc3.jar;C:\Users\geral\.m2\repository\org\springframework\boot\spring-boot-starter-tomcat\3.0.0-RC2\spring-boot-starter-tomcat-3.0.0-RC2.jar;C:\Users\geral\.m2\repository\org\apache\tomcat\embed\tomcat-embed-core\10.1.1\tomcat-embed-core-10.1.1.jar;C:\Users\geral\.m2\repository\org\apache\tomcat\embed\tomcat-embed-websocket\10.1.1\tomcat-embed-websocket-10.1.1.jar;C:\Users\geral\.m2\repository\org\springframework\spring-web\6.0.0-RC4\spring-web-6.0.0-RC4.jar;C:\Users\geral\.m2\repository\org\springframework\spring-beans\6.0.0-RC4\spring-beans-6.0.0-RC4.jar;C:\Users\geral\.m2\repository\io\micrometer\micrometer-observation\1.10.0\micrometer-observation-1.10.0.jar;C:\Users\geral\.m2\repository\io\micrometer\micrometer-commons\1.10.0\micrometer-commons-1.10.0.jar;C:\Users\geral\.m2\repository\org\springframework\spring-webmvc\6.0.0-RC4\spring-webmvc-6.0.0-RC4.jar;C:\Users\geral\.m2\repository\org\springframework\spring-aop\6.0.0-RC4\spring-aop-6.0.0-RC4.jar;C:\Users\geral\.m2\repository\org\springframework\spring-context\6.0.0-RC4\spring-context-6.0.0-RC4.jar;C:\Users\geral\.m2\repository\org\springframework\spring-expression\6.0.0-RC4\spring-expression-6.0.0-RC4.jar;C:\Users\geral\.m2\repository\org\springframework\boot\spring-boot-devtools\3.0.0-RC2\spring-boot-devtools-3.0.0-RC2.jar;C:\Users\geral\.m2\repository\org\springframework\boot\spring-boot\3.0.0-RC2\spring-boot-3.0.0-RC2.jar;C:\Users\geral\.m2\repository\org\springframework\boot\spring-boot-autoconfigure\3.0.0-RC2\spring-boot-autoconfigure-3.0.0-RC2.jar;C:\Users\geral\.m2\repository\org\projectlombok\lombok\1.18.24\lombok-1.18.24.jar;C:\Users\geral\.m2\repository\org\springframework\boot\spring-boot-starter-validation\3.0.0-RC2\spring-boot-starter-validation-3.0.0-RC2.jar;C:\Users\geral\.m2\repository\org\apache\tomcat\embed\tomcat-embed-el\10.1.1\tomcat-embed-el-10.1.1.jar;C:\Users\geral\.m2\repository\org\hibernate\validator\hibernate-validator\8.0.0.Final\hibernate-validator-8.0.0.Final.jar;C:\Users\geral\.m2\repository\jakarta\validation\jakarta.validation-api\3.0.2\jakarta.validation-api-3.0.2.jar;C:\Users\geral\.m2\repository\org\jboss\logging\jboss-logging\3.5.0.Final\jboss-logging-3.5.0.Final.jar;C:\Users\geral\.m2\repository\com\fasterxml\classmate\1.5.1\classmate-1.5.1.jar;C:\Users\geral\.m2\repository\org\flywaydb\flyway-core\9.5.1\flyway-core-9.5.1.jar;C:\Users\geral\.m2\repository\com\electronwill\night-config\toml\3.6.6\toml-3.6.6.jar;C:\Users\geral\.m2\repository\com\electronwill\night-config\core\3.6.6\core-3.6.6.jar;C:\Users\geral\.m2\repository\org\flywaydb\flyway-mysql\9.5.1\flyway-mysql-9.5.1.jar;C:\Users\geral\.m2\repository\org\springframework\boot\spring-boot-starter-data-mongodb\3.0.0-RC2\spring-boot-starter-data-mongodb-3.0.0-RC2.jar;C:\Users\geral\.m2\repository\org\mongodb\mongodb-driver-sync\4.8.0-beta0\mongodb-driver-sync-4.8.0-beta0.jar;C:\Users\geral\.m2\repository\org\mongodb\bson\4.8.0-beta0\bson-4.8.0-beta0.jar;C:\Users\geral\.m2\repository\org\mongodb\mongodb-driver-core\4.8.0-beta0\mongodb-driver-core-4.8.0-beta0.jar;C:\Users\geral\.m2\repository\org\mongodb\bson-record-codec\4.8.0-beta0\bson-record-codec-4.8.0-beta0.jar;C:\Users\geral\.m2\repository\org\springframework\data\spring-data-mongodb\4.0.0-RC2\spring-data-mongodb-4.0.0-RC2.jar;C:\Users\geral\.m2\repository\org\springframework\spring-tx\6.0.0-RC4\spring-tx-6.0.0-RC4.jar;C:\Users\geral\.m2\repository\org\springframework\data\spring-data-commons\3.0.0-RC2\spring-data-commons-3.0.0-RC2.jar;C:\Users\geral\.m2\repository\org\slf4j\slf4j-api\2.0.3\slf4j-api-2.0.3.jar;C:\Users\geral\.m2\repository\org\mongodb\mongo-java-driver\3.12.11\mongo-java-driver-3.12.11.jar;C:\Users\geral\.m2\repository\org\springframework\boot\spring-boot-starter-test\3.0.0-RC2\spring-boot-starter-test-3.0.0-RC2.jar;C:\Users\geral\.m2\repository\org\springframework\boot\spring-boot-test\3.0.0-RC2\spring-boot-test-3.0.0-RC2.jar;C:\Users\geral\.m2\repository\org\springframework\boot\spring-boot-test-autoconfigure\3.0.0-RC2\spring-boot-test-autoconfigure-3.0.0-RC2.jar;C:\Users\geral\.m2\repository\com\jayway\jsonpath\json-path\2.7.0\json-path-2.7.0.jar;C:\Users\geral\.m2\repository\net\minidev\json-smart\2.4.8\json-smart-2.4.8.jar;C:\Users\geral\.m2\repository\net\minidev\accessors-smart\2.4.8\accessors-smart-2.4.8.jar;C:\Users\geral\.m2\repository\org\ow2\asm\asm\9.1\asm-9.1.jar;C:\Users\geral\.m2\repository\jakarta\xml\bind\jakarta.xml.bind-api\4.0.0\jakarta.xml.bind-api-4.0.0.jar;C:\Users\geral\.m2\repository\jakarta\activation\jakarta.activation-api\2.1.0\jakarta.activation-api-2.1.0.jar;C:\Users\geral\.m2\repository\org\assertj\assertj-core\3.23.1\assertj-core-3.23.1.jar;C:\Users\geral\.m2\repository\net\bytebuddy\byte-buddy\1.12.18\byte-buddy-1.12.18.jar;C:\Users\geral\.m2\repository\org\hamcrest\hamcrest\2.2\hamcrest-2.2.jar;C:\Users\geral\.m2\repository\org\junit\jupiter\junit-jupiter\5.9.1\junit-jupiter-5.9.1.jar;C:\Users\geral\.m2\repository\org\junit\jupiter\junit-jupiter-api\5.9.1\junit-jupiter-api-5.9.1.jar;C:\Users\geral\.m2\repository\org\opentest4j\opentest4j\1.2.0\opentest4j-1.2.0.jar;C:\Users\geral\.m2\repository\org\junit\platform\junit-platform-commons\1.9.1\junit-platform-commons-1.9.1.jar;C:\Users\geral\.m2\repository\org\apiguardian\apiguardian-api\1.1.2\apiguardian-api-1.1.2.jar;C:\Users\geral\.m2\repository\org\junit\jupiter\junit-jupiter-params\5.9.1\junit-jupiter-params-5.9.1.jar;C:\Users\geral\.m2\repository\org\junit\jupiter\junit-jupiter-engine\5.9.1\junit-jupiter-engine-5.9.1.jar;C:\Users\geral\.m2\repository\org\junit\platform\junit-platform-engine\1.9.1\junit-platform-engine-1.9.1.jar;C:\Users\geral\.m2\repository\org\mockito\mockito-core\4.8.1\mockito-core-4.8.1.jar;C:\Users\geral\.m2\repository\net\bytebuddy\byte-buddy-agent\1.12.18\byte-buddy-agent-1.12.18.jar;C:\Users\geral\.m2\repository\org\objenesis\objenesis\3.2\objenesis-3.2.jar;C:\Users\geral\.m2\repository\org\mockito\mockito-junit-jupiter\4.8.1\mockito-junit-jupiter-4.8.1.jar;C:\Users\geral\.m2\repository\org\skyscreamer\jsonassert\1.5.1\jsonassert-1.5.1.jar;C:\Users\geral\.m2\repository\com\vaadin\external\google\android-json\0.0.20131108.vaadin1\android-json-0.0.20131108.vaadin1.jar;C:\Users\geral\.m2\repository\org\springframework\spring-core\6.0.0-RC4\spring-core-6.0.0-RC4.jar;C:\Users\geral\.m2\repository\org\springframework\spring-jcl\6.0.0-RC4\spring-jcl-6.0.0-RC4.jar;C:\Users\geral\.m2\repository\org\springframework\spring-test\6.0.0-RC4\spring-test-6.0.0-RC4.jar;C:\Users\geral\.m2\repository\org\xmlunit\xmlunit-core\2.9.0\xmlunit-core-2.9.0.jar;"/>
    <property name="sun.cpu.endian" value="little"/>
    <property name="user.home" value="C:\Users\geral"/>
    <property name="user.language" value="pt"/>
    <property name="java.specification.vendor" value="Oracle Corporation"/>
    <property name="java.version.date" value="2022-07-19"/>
    <property name="java.home" value="C:\Program Files\Java\jdk-17.0.4"/>
    <property name="file.separator" value="\"/>
    <property name="basedir" value="D:\Usr\Geraldo\GoogleDrive (est)\EAD\Sem03\B\N695 - Desenv plataformas web\Atividade 02\api"/>
    <property name="java.vm.compressedOopsMode" value="Zero based"/>
    <property name="line.separator" value="&#10;"/>
    <property name="java.vm.specification.vendor" value="Oracle Corporation"/>
    <property name="java.specification.name" value="Java Platform API Specification"/>
    <property name="surefire.real.class.path" value="C:\Users\geral\AppData\Local\Temp\surefire18122905188180977855\surefirebooter10429503770175301777.jar"/>
    <property name="user.script" value=""/>
    <property name="sun.management.compiler" value="HotSpot 64-Bit Tiered Compilers"/>
    <property name="java.runtime.version" value="17.0.4+11-LTS-179"/>
    <property name="user.name" value="geral"/>
    <property name="path.separator" value=";"/>
    <property name="os.version" value="10.0"/>
    <property name="java.runtime.name" value="Java(TM) SE Runtime Environment"/>
    <property name="file.encoding" value="Cp1252"/>
    <property name="java.vm.name" value="Java HotSpot(TM) 64-Bit Server VM"/>
    <property name="localRepository" value="C:\Users\geral\.m2\repository"/>
    <property name="java.vendor.url.bug" value="https://bugreport.java.com/bugreport/"/>
    <property name="java.io.tmpdir" value="C:\Users\geral\AppData\Local\Temp\"/>
    <property name="idea.version" value="2022.2.4"/>
    <property name="java.version" value="17.0.4"/>
    <property name="user.dir" value="D:\Usr\Geraldo\GoogleDrive (est)\EAD\Sem03\B\N695 - Desenv plataformas web\Atividade 02\api"/>
    <property name="os.arch" value="amd64"/>
    <property name="java.vm.specification.name" value="Java Virtual Machine Specification"/>
    <property name="sun.os.patch.level" value=""/>
    <property name="native.encoding" value="Cp1252"/>
    <property name="java.library.path" value="C:\Program Files\Java\jdk-17.0.4\bin;C:\WINDOWS\Sun\Java\bin;C:\WINDOWS\system32;C:\WINDOWS;C:\Program Files\Common Files\Oracle\Java\javapath;C:\WINDOWS\system32;C:\WINDOWS;C:\WINDOWS\System32\Wbem;C:\WINDOWS\System32\WindowsPowerShell\v1.0\;C:\WINDOWS\System32\OpenSSH\;C:\Program Files\dotnet\;C:\Program Files (x86)\dotnet\;C:\Program Files\Git\cmd;C:\Program Files\PowerShell\7\;C:\Program Files\MySQL\MySQL Shell 8.0\bin\;C:\Users\geral\AppData\Local\Microsoft\WindowsApps;C:\Users\geral\AppData\Local\Programs\Microsoft VS Code\bin;C:\Program Files\JetBrains\IntelliJ IDEA Community Edition 2022.2.4\bin;;C:\Program Files\MySQL\MySQL Server 8.0\bin;;."/>
    <property name="java.vm.info" value="mixed mode, sharing"/>
    <property name="java.vendor" value="Oracle Corporation"/>
    <property name="java.vm.version" value="17.0.4+11-LTS-179"/>
    <property name="sun.io.unicode.encoding" value="UnicodeLittle"/>
    <property name="java.class.version" value="61.0"/>
  </properties>
  <testcase name="contextLoads" classname="cvg.api.ApiApplicationTests" time="0.335"/>
</testsuite>